Build started 03/02/2015 22:22:46.
     1>Project "C:\Users\SamAmco\Documents\Visual Studio 2013\Projects\OpenGL Rasteriser\nclgl\nclgl.vcxproj" on node 2 (Build target(s)).
     1>ClCompile:
         C:\Program Files (x86)\Microsoft Visual Studio 12.0\VC\bin\CL.exe /c /Zi /nologo /W3 /WX- /O2 /Oi /Oy- /GL /D _MBCS /Gm- /EHsc /MD /GS /Gy /fp:precise /Zc:wchar_t /Zc:forScope /Fo"Release\\" /Fd"Release\vc120.pdb" /Gd /TP /analyze- /errorReport:prompt Matrix3.cpp Matrix4.cpp OGLRenderer.cpp Quaternion.cpp Window.cpp
         Matrix3.cpp
         Matrix4.cpp
         OGLRenderer.cpp
         Quaternion.cpp
         Window.cpp
       Lib:
         C:\Program Files (x86)\Microsoft Visual Studio 12.0\VC\bin\Lib.exe /OUT:"C:\Users\SamAmco\Documents\Visual Studio 2013\Projects\OpenGL Rasteriser\OpenGLGraphics\Release\nclgl.lib" /NOLOGO /LTCG Release\GameTimer.obj
         Release\Keyboard.obj
         Release\Matrix3.obj
         Release\Matrix4.obj
         Release\Mouse.obj
         Release\OGLRenderer.obj
         Release\Quaternion.obj
         Release\Window.obj
         nclgl.vcxproj -> C:\Users\SamAmco\Documents\Visual Studio 2013\Projects\OpenGL Rasteriser\OpenGLGraphics\Release\nclgl.lib
     1>Done Building Project "C:\Users\SamAmco\Documents\Visual Studio 2013\Projects\OpenGL Rasteriser\nclgl\nclgl.vcxproj" (Build target(s)).

Build succeeded.

Time Elapsed 00:00:05.01
